<?xml version="1.0" encoding="UTF-8"?>
<!-- Generated by org.testng.reporters.JUnitReportReporter -->
<testsuite hostname="DESKTOP-ISE7IFI" failures="0" tests="1" name="com.mytest.tests.LoginTest" time="31.120" errors="0" timestamp="2023-12-02T21:42:57 IST" skipped="0">
  <testcase classname="com.mytest.tests.LoginTest" name="loginTestWithValidCredentials" time="31.120"/>
</testsuite> <!-- com.mytest.tests.LoginTest -->
